<?xml version="1.0" encoding="UTF-8"?>
<!-- Generated by org.testng.reporters.JUnitReportReporter -->
<testsuite hostname="Niveadiha-PC" failures="0" tests="3" name="com.test.UpdateExcelsheet" time="0.030" errors="0" timestamp="2023-10-17T02:47:10 PDT" skipped="0">
  <testcase classname="com.test.UpdateExcelsheet" name="tc2" time="0.003"/>
  <testcase classname="com.test.UpdateExcelsheet" name="tc4" time="0.004"/>
  <testcase classname="com.test.UpdateExcelsheet" name="tc1" time="0.023"/>
</testsuite> <!-- com.test.UpdateExcelsheet -->
