<?xml version="1.0" encoding="UTF-8"?>
<!-- Generated by org.testng.reporters.JUnitReportReporter -->
<testsuite hostname="Niveadiha-PC" failures="0" tests="2" name="com.test.UpdateXlSheet" time="14.235" errors="0" timestamp="2023-10-17T03:08:16 PDT" skipped="0">
  <testcase classname="com.test.UpdateXlSheet" name="tc1" time="6.202"/>
  <testcase classname="com.test.UpdateXlSheet" name="tc1" time="8.033"/>
</testsuite> <!-- com.test.UpdateXlSheet -->
